{"numFailedTestSuites":0,"numFailedTests":0,"numPassedTestSuites":1,"numPassedTests":1,"numPendingTestSuites":0,"numPendingTests":0,"numRuntimeErrorTestSuites":0,"numTodoTests":0,"numTotalTestSuites":1,"numTotalTests":1,"openHandles":[],"snapshot":{"added":0,"didUpdate":false,"failure":false,"filesAdded":0,"filesRemoved":0,"filesRemovedList":[],"filesUnmatched":0,"filesUpdated":0,"matched":0,"total":0,"unchecked":0,"uncheckedKeysByFile":[],"unmatched":0,"updated":0},"startTime":1715081672665,"success":true,"testResults":[{"assertionResults":[{"ancestorTitles":["Unit Test"],"duration":1,"failureDetails":[],"failureMessages":[],"fullName":"Unit Test setTodoList","invocations":1,"location":null,"numPassingAsserts":4,"retryReasons":[],"status":"passed","title":"setTodoList"}],"endTime":1715081672996,"message":"","name":"/Users/nhncommerce/workspace/todo/src/test/jest.test.js","startTime":1715081672795,"status":"passed","summary":""}],"wasInterrupted":false}
